[0mCMake Deprecation Warning at /opt/ros/kilted/share/ament_cmake_target_dependencies/cmake/ament_target_dependencies.cmake:87 (message):
  ament_target_dependencies() is deprecated.  Use target_link_libraries()
  with modern CMake targets instead.  Try replacing this call with:

    target_link_libraries(publisher PUBLIC
      ${std_msgs_TARGETS}
      rclcpp::rclcpp
    )

Call Stack (most recent call first):
  CMakeLists.txt:13 (ament_target_dependencies)

[0m
[0mCMake Deprecation Warning at /opt/ros/kilted/share/ament_cmake_target_dependencies/cmake/ament_target_dependencies.cmake:87 (message):
  ament_target_dependencies() is deprecated.  Use target_link_libraries()
  with modern CMake targets instead.  Try replacing this call with:

    target_link_libraries(subscriber PUBLIC
      ${std_msgs_TARGETS}
      rclcpp::rclcpp
    )

Call Stack (most recent call first):
  CMakeLists.txt:16 (ament_target_dependencies)

[0m
