-- The C compiler identification is GNU 13.3.0
-- The CXX compiler identification is GNU 13.3.0
-- Detecting C compiler ABI info
-- Detecting C compiler ABI info - done
-- Check for working C compiler: /usr/bin/cc - skipped
-- Detecting C compile features
-- Detecting C compile features - done
-- Detecting CXX compiler ABI info
-- Detecting CXX compiler ABI info - done
-- Check for working CXX compiler: /usr/bin/c++ - skipped
-- Detecting CXX compile features
-- Detecting CXX compile features - done
-- Found ament_cmake: 2.7.3 (/opt/ros/kilted/share/ament_cmake/cmake)
-- Found Python3: /usr/bin/python3 (found version "3.12.3") found components: Interpreter 
-- Override CMake install command with custom implementation using symlinks instead of copying resources
-- Found rclcpp: 29.5.4 (/opt/ros/kilted/share/rclcpp/cmake)
-- Found rosidl_generator_c: 4.9.5 (/opt/ros/kilted/share/rosidl_generator_c/cmake)
-- Found rosidl_generator_cpp: 4.9.5 (/opt/ros/kilted/share/rosidl_generator_cpp/cmake)
-- Using all available rosidl_typesupport_c: rosidl_typesupport_fastrtps_c;rosidl_typesupport_introspection_c
-- Using all available rosidl_typesupport_cpp: rosidl_typesupport_fastrtps_cpp;rosidl_typesupport_introspection_cpp
-- Found rmw_implementation_cmake: 7.8.2 (/opt/ros/kilted/share/rmw_implementation_cmake/cmake)
-- Found rmw_fastrtps_cpp: 9.3.3 (/opt/ros/kilted/share/rmw_fastrtps_cpp/cmake)
-- Found OpenSSL: /usr/lib/x86_64-linux-gnu/libcrypto.so (found version "3.0.13")  
-- Using RMW implementation 'rmw_fastrtps_cpp' as default
-- Found std_msgs: 5.5.1 (/opt/ros/kilted/share/std_msgs/cmake)
-- Configuring done (0.7s)
-- Generating done (0.0s)
-- Build files have been written to: /mnt/app/build/cpp_pubsub
[ 25%] [32mBuilding CXX object CMakeFiles/subscriber.dir/src/subscriber.cpp.o[0m
[ 50%] [32mBuilding CXX object CMakeFiles/publisher.dir/src/publisher.cpp.o[0m
[ 75%] [32m[1mLinking CXX executable publisher[0m
[ 75%] Built target publisher
[100%] [32m[1mLinking CXX executable subscriber[0m
[100%] Built target subscriber
-- Install configuration: ""
-- Execute custom install script
-- Symlinking: /mnt/app/install/cpp_pubsub/lib/cpp_pubsub/publisher
-- Symlinking: /mnt/app/install/cpp_pubsub/lib/cpp_pubsub/subscriber
-- Symlinking: /mnt/app/install/cpp_pubsub/share/ament_index/resource_index/package_run_dependencies/cpp_pubsub
-- Symlinking: /mnt/app/install/cpp_pubsub/share/ament_index/resource_index/parent_prefix_path/cpp_pubsub
-- Symlinking: /mnt/app/install/cpp_pubsub/share/cpp_pubsub/environment/ament_prefix_path.sh
-- Symlinking: /mnt/app/install/cpp_pubsub/share/cpp_pubsub/environment/ament_prefix_path.dsv
-- Symlinking: /mnt/app/install/cpp_pubsub/share/cpp_pubsub/environment/path.sh
-- Symlinking: /mnt/app/install/cpp_pubsub/share/cpp_pubsub/environment/path.dsv
-- Symlinking: /mnt/app/install/cpp_pubsub/share/cpp_pubsub/local_setup.bash
-- Symlinking: /mnt/app/install/cpp_pubsub/share/cpp_pubsub/local_setup.sh
-- Symlinking: /mnt/app/install/cpp_pubsub/share/cpp_pubsub/local_setup.zsh
-- Symlinking: /mnt/app/install/cpp_pubsub/share/cpp_pubsub/local_setup.dsv
-- Symlinking: /mnt/app/install/cpp_pubsub/share/cpp_pubsub/package.dsv
-- Symlinking: /mnt/app/install/cpp_pubsub/share/ament_index/resource_index/packages/cpp_pubsub
-- Symlinking: /mnt/app/install/cpp_pubsub/share/cpp_pubsub/cmake/cpp_pubsubConfig.cmake
-- Symlinking: /mnt/app/install/cpp_pubsub/share/cpp_pubsub/cmake/cpp_pubsubConfig-version.cmake
-- Symlinking: /mnt/app/install/cpp_pubsub/share/cpp_pubsub/package.xml
