[0.015s] Invoking command in '/mnt/app/build/cpp_pubsub': CMAKE_PREFIX_PATH=/opt/ros/kilted /usr/bin/cmake --build /mnt/app/build/cpp_pubsub -- -j8 -l8
[0.148s] -- Found ament_cmake: 2.7.3 (/opt/ros/kilted/share/ament_cmake/cmake)
[0.327s] -- Override CMake install command with custom implementation using symlinks instead of copying resources
[0.348s] -- Found rclcpp: 29.5.4 (/opt/ros/kilted/share/rclcpp/cmake)
[0.384s] -- Found rosidl_generator_c: 4.9.5 (/opt/ros/kilted/share/rosidl_generator_c/cmake)
[0.396s] -- Found rosidl_generator_cpp: 4.9.5 (/opt/ros/kilted/share/rosidl_generator_cpp/cmake)
[0.412s] -- Using all available rosidl_typesupport_c: rosidl_typesupport_fastrtps_c;rosidl_typesupport_introspection_c
[0.438s] -- Using all available rosidl_typesupport_cpp: rosidl_typesupport_fastrtps_cpp;rosidl_typesupport_introspection_cpp
[0.531s] -- Found rmw_implementation_cmake: 7.8.2 (/opt/ros/kilted/share/rmw_implementation_cmake/cmake)
[0.535s] -- Found rmw_fastrtps_cpp: 9.3.3 (/opt/ros/kilted/share/rmw_fastrtps_cpp/cmake)
[0.592s] -- Using RMW implementation 'rmw_fastrtps_cpp' as default
[0.665s] -- Found std_msgs: 5.5.1 (/opt/ros/kilted/share/std_msgs/cmake)
[0.681s] [0mCMake Deprecation Warning at /opt/ros/kilted/share/ament_cmake_target_dependencies/cmake/ament_target_dependencies.cmake:87 (message):
[0.681s]   ament_target_dependencies() is deprecated.  Use target_link_libraries()
[0.681s]   with modern CMake targets instead.  Try replacing this call with:
[0.681s] 
[0.681s]     target_link_libraries(publisher PUBLIC
[0.681s]       ${std_msgs_TARGETS}
[0.681s]       rclcpp::rclcpp
[0.681s]     )
[0.682s] 
[0.682s] Call Stack (most recent call first):
[0.682s]   CMakeLists.txt:13 (ament_target_dependencies)
[0.682s] 
[0.682s] [0m
[0.682s] [0mCMake Deprecation Warning at /opt/ros/kilted/share/ament_cmake_target_dependencies/cmake/ament_target_dependencies.cmake:87 (message):
[0.682s]   ament_target_dependencies() is deprecated.  Use target_link_libraries()
[0.682s]   with modern CMake targets instead.  Try replacing this call with:
[0.682s] 
[0.682s]     target_link_libraries(subscriber PUBLIC
[0.682s]       ${std_msgs_TARGETS}
[0.682s]       rclcpp::rclcpp
[0.682s]     )
[0.683s] 
[0.683s] Call Stack (most recent call first):
[0.683s]   CMakeLists.txt:16 (ament_target_dependencies)
[0.683s] 
[0.683s] [0m
[0.766s] -- Configuring done (0.6s)
[0.791s] -- Generating done (0.0s)
[0.796s] -- Build files have been written to: /mnt/app/build/cpp_pubsub
[0.864s] [ 25%] [32mBuilding CXX object CMakeFiles/subscriber.dir/src/subscriber.cpp.o[0m
[0.867s] [ 50%] [32mBuilding CXX object CMakeFiles/publisher.dir/src/publisher.cpp.o[0m
[5.694s] [ 75%] [32m[1mLinking CXX executable publisher[0m
[5.917s] [ 75%] Built target publisher
[8.208s] [100%] [32m[1mLinking CXX executable subscriber[0m
[8.406s] [100%] Built target subscriber
[8.416s] Invoked command in '/mnt/app/build/cpp_pubsub' returned '0': CMAKE_PREFIX_PATH=/opt/ros/kilted /usr/bin/cmake --build /mnt/app/build/cpp_pubsub -- -j8 -l8
[8.423s] Invoking command in '/mnt/app/build/cpp_pubsub': CMAKE_PREFIX_PATH=/opt/ros/kilted /usr/bin/cmake --install /mnt/app/build/cpp_pubsub
[8.429s] -- Install configuration: ""
[8.429s] -- Execute custom install script
[8.430s] -- Up-to-date symlink: /mnt/app/install/cpp_pubsub/lib/cpp_pubsub/publisher
[8.430s] -- Up-to-date symlink: /mnt/app/install/cpp_pubsub/lib/cpp_pubsub/subscriber
[8.430s] -- Up-to-date symlink: /mnt/app/install/cpp_pubsub/share/ament_index/resource_index/package_run_dependencies/cpp_pubsub
[8.430s] -- Up-to-date symlink: /mnt/app/install/cpp_pubsub/share/ament_index/resource_index/parent_prefix_path/cpp_pubsub
[8.430s] -- Up-to-date symlink: /mnt/app/install/cpp_pubsub/share/cpp_pubsub/environment/ament_prefix_path.sh
[8.431s] -- Up-to-date symlink: /mnt/app/install/cpp_pubsub/share/cpp_pubsub/environment/ament_prefix_path.dsv
[8.431s] -- Up-to-date symlink: /mnt/app/install/cpp_pubsub/share/cpp_pubsub/environment/path.sh
[8.431s] -- Up-to-date symlink: /mnt/app/install/cpp_pubsub/share/cpp_pubsub/environment/path.dsv
[8.431s] -- Up-to-date symlink: /mnt/app/install/cpp_pubsub/share/cpp_pubsub/local_setup.bash
[8.432s] -- Up-to-date symlink: /mnt/app/install/cpp_pubsub/share/cpp_pubsub/local_setup.sh
[8.432s] -- Up-to-date symlink: /mnt/app/install/cpp_pubsub/share/cpp_pubsub/local_setup.zsh
[8.432s] -- Up-to-date symlink: /mnt/app/install/cpp_pubsub/share/cpp_pubsub/local_setup.dsv
[8.432s] -- Symlinking: /mnt/app/install/cpp_pubsub/share/cpp_pubsub/package.dsv
[8.440s] -- Up-to-date symlink: /mnt/app/install/cpp_pubsub/share/ament_index/resource_index/packages/cpp_pubsub
[8.440s] -- Up-to-date symlink: /mnt/app/install/cpp_pubsub/share/cpp_pubsub/cmake/cpp_pubsubConfig.cmake
[8.440s] -- Up-to-date symlink: /mnt/app/install/cpp_pubsub/share/cpp_pubsub/cmake/cpp_pubsubConfig-version.cmake
[8.440s] -- Up-to-date symlink: /mnt/app/install/cpp_pubsub/share/cpp_pubsub/package.xml
[8.441s] Invoked command in '/mnt/app/build/cpp_pubsub' returned '0': CMAKE_PREFIX_PATH=/opt/ros/kilted /usr/bin/cmake --install /mnt/app/build/cpp_pubsub
